Performing C SOURCE FILE Test CMAKE_HAVE_LIBC_PTHREAD failed with the following output:
Change Dir: /mnt/c/Users/bzavo/Documents/01_LABS/labs/2_semester/lab2/cmake-build-debug/CMakeFiles/CMakeTmp

Run Build Command(s):/usr/bin/make cmTC_58d31/fast && /usr/bin/make  -f CMakeFiles/cmTC_58d31.dir/build.make CMakeFiles/cmTC_58d31.dir/build
make[1]: Entering directory '/mnt/c/Users/bzavo/Documents/01_LABS/labs/2_semester/lab2/cmake-build-debug/CMakeFiles/CMakeTmp'
Building C object CMakeFiles/cmTC_58d31.dir/src.c.o
/usr/bin/cc -DCMAKE_HAVE_LIBC_PTHREAD   -o CMakeFiles/cmTC_58d31.dir/src.c.o -c /mnt/c/Users/bzavo/Documents/01_LABS/labs/2_semester/lab2/cmake-build-debug/CMakeFiles/CMakeTmp/src.c
Linking C executable cmTC_58d31
/usr/local/bin/cmake -E cmake_link_script CMakeFiles/cmTC_58d31.dir/link.txt --verbose=1
/usr/bin/cc -rdynamic CMakeFiles/cmTC_58d31.dir/src.c.o -o cmTC_58d31 
/usr/bin/ld: CMakeFiles/cmTC_58d31.dir/src.c.o: in function `main':
src.c:(.text+0x46): undefined reference to `pthread_create'
/usr/bin/ld: src.c:(.text+0x52): undefined reference to `pthread_detach'
/usr/bin/ld: src.c:(.text+0x5e): undefined reference to `pthread_cancel'
/usr/bin/ld: src.c:(.text+0x6f): undefined reference to `pthread_join'
collect2: error: ld returned 1 exit status
make[1]: *** [CMakeFiles/cmTC_58d31.dir/build.make:106: cmTC_58d31] Error 1
make[1]: Leaving directory '/mnt/c/Users/bzavo/Documents/01_LABS/labs/2_semester/lab2/cmake-build-debug/CMakeFiles/CMakeTmp'
make: *** [Makefile:140: cmTC_58d31/fast] Error 2


Source file was:
#include <pthread.h>

static void* test_func(void* data)
{
  return data;
}

int main(void)
{
  pthread_t thread;
  pthread_create(&thread, NULL, test_func, NULL);
  pthread_detach(thread);
  pthread_cancel(thread);
  pthread_join(thread, NULL);
  pthread_atfork(NULL, NULL, NULL);
  pthread_exit(NULL);

  return 0;
}

Determining if the function pthread_create exists in the pthreads failed with the following output:
Change Dir: /mnt/c/Users/bzavo/Documents/01_LABS/labs/2_semester/lab2/cmake-build-debug/CMakeFiles/CMakeTmp

Run Build Command(s):/usr/bin/make cmTC_df703/fast && /usr/bin/make  -f CMakeFiles/cmTC_df703.dir/build.make CMakeFiles/cmTC_df703.dir/build
make[1]: Entering directory '/mnt/c/Users/bzavo/Documents/01_LABS/labs/2_semester/lab2/cmake-build-debug/CMakeFiles/CMakeTmp'
Building C object CMakeFiles/cmTC_df703.dir/CheckFunctionExists.c.o
/usr/bin/cc   -DCHECK_FUNCTION_EXISTS=pthread_create -o CMakeFiles/cmTC_df703.dir/CheckFunctionExists.c.o -c /usr/local/share/cmake-3.19/Modules/CheckFunctionExists.c
Linking C executable cmTC_df703
/usr/local/bin/cmake -E cmake_link_script CMakeFiles/cmTC_df703.dir/link.txt --verbose=1
/usr/bin/cc  -DCHECK_FUNCTION_EXISTS=pthread_create -rdynamic CMakeFiles/cmTC_df703.dir/CheckFunctionExists.c.o -o cmTC_df703  -lpthreads 
/usr/bin/ld: cannot find -lpthreads
collect2: error: ld returned 1 exit status
make[1]: *** [CMakeFiles/cmTC_df703.dir/build.make:106: cmTC_df703] Error 1
make[1]: Leaving directory '/mnt/c/Users/bzavo/Documents/01_LABS/labs/2_semester/lab2/cmake-build-debug/CMakeFiles/CMakeTmp'
make: *** [Makefile:140: cmTC_df703/fast] Error 2



